PokerStars Hand #1:  Hold'em No Limit ($100/$200 USD) - 2016/11/14 06:51:51 ET
Table 'ACPC Match' 2-max Seat #2 is the button
Seat 1: fedor.holz ($20000 in chips)
Seat 2: wiktor.malinowski ($20000 in chips)
wiktor.malinowski: posts small blind $100
fedor.holz: posts big blind $200
*** HOLE CARDS ***
Dealt to fedor.holz [Js 9h]
Dealt to wiktor.malinowski [Jc 5s]
wiktor.malinowski: raises $400 to $500
fedor.holz: calls $300
*** FLOP **** [7h Qs Ks]
fedor.holz: checks
wiktor.malinowski: bets $300
fedor.holz: calls $300
*** TURN **** [5c]
fedor.holz: checks
wiktor.malinowski: checks
*** RIVER **** [jh]
fedor.holz: bets $400
wiktor.malinowski: raises $1880 to $2280
fedor.holz: folds
*** SUMMARY ***